<?xml version="1.0" encoding="UTF-8"?>
<beans xmlns="http://www.springframework.org/schema/beans"
	xmlns:xsi="http://www.w3.org/2001/XMLSchema-instance"
	xmlns:context="http://www.springframework.org/schema/context"
	xmlns:tx="http://www.springframework.org/schema/tx"
	xsi:schemaLocation="http://www.springframework.org/schema/beans http://www.springframework.org/schema/beans/spring-beans.xsd
	    http://www.springframework.org/schema/tx   http://www.springframework.org/schema/tx/spring-tx.xsd
		http://www.springframework.org/schema/context http://www.springframework.org/schema/context/spring-context.xsd">
		
    <context:component-scan base-package="mx.com.mindbits.argos.inventory.*" />
    
    <tx:annotation-driven />

	<!-- HSQLDB datasource -->
	<bean id="dataSource" class="com.mchange.v2.c3p0.ComboPooledDataSource">
	    <property name="driverClass" value="org.hsqldb.jdbcDriver" />
	    <property name="jdbcUrl" value="jdbc:hsqldb:mem:argos;sql.syntax_mys=true" />
        <property name="user" value="sa" />
		<property name="password" value="" />
	</bean>

    <bean id="sessionFactory" class="org.springframework.orm.hibernate4.LocalSessionFactoryBean" depends-on="schemaGenerator">
        <property name="dataSource" ref="dataSource" />
        <property name="packagesToScan" value="mx.com.mindbits.argos.inventory.entity" />
        <property name="hibernateProperties">
            <props>
                <prop key="hibernate.dialect">org.hibernate.dialect.HSQLDialect</prop>
                <prop key="hibernate.current_session_context_class">org.springframework.orm.hibernate4.SpringSessionContext</prop>
                <prop key="hibernate.connection.autocommit">true</prop>
                <prop key="hibernate.format_sql">true</prop>
                <prop key="hibernate.hbm2ddl.auto">create</prop>
                <prop key="hibernate.show_sql">true</prop>
            </props>
        </property>
    </bean>

	<bean id="txManager" class="org.springframework.orm.hibernate4.HibernateTransactionManager">
        <property name="sessionFactory" ref="sessionFactory" />
    </bean>

	<bean id="schemaGenerator" class="mx.com.mindbits.argos.inventory.dao.test.SchemaGenerator">
		<property name="schema" value="argos" />
	</bean>
	
	<bean id="mapper" class="org.dozer.DozerBeanMapper">
        <property name="mappingFiles">
            <list>
                <value>META-INF/entity-mapping.xml</value>
            </list>
        </property>
    </bean>
	
</beans>
